<?xml version="1.0" encoding="UTF-8"?>
<!-- Generated by org.testng.reporters.JUnitReportReporter -->
<testsuite skipped="0" hostname="DESKTOP-HDVR3T6" name="bankaDom.TestBankaKod" tests="2" failures="0" timestamp="30 May 2021 20:09:21 GMT" time="0.008" errors="0">
  <testcase name="testDohvati" time="0.008" classname="bankaDom.TestBankaKod"/>
  <testcase name="testKonstruktor" time="0.000" classname="bankaDom.TestBankaKod"/>
</testsuite> <!-- bankaDom.TestBankaKod -->
