<?xml version="1.0" encoding="UTF-8"?>
<!-- Generated by org.testng.reporters.JUnitReportReporter -->
<testsuite skipped="0" hostname="DESKTOP-HDVR3T6" name="tests.ITBootcampTest" tests="1" failures="0" timestamp="31 May 2021 20:54:29 GMT" time="6.322" errors="0">
  <testcase name="testDonationsBtn" time="6.322" classname="tests.ITBootcampTest"/>
</testsuite> <!-- tests.ITBootcampTest -->
